

Version:	3.50
CmdLine:	C:\Users\Matan\Documents\GitHub\Hawk\hawk_exe.exe --l4j-debug
JNI:		No
WOW64:		Yes
Working dir:	C:\Users\Matan\Documents\GitHub\Hawk\.
Requires JDK:	No
Requires 64-Bit: No
Java min ver:	
Java max ver:	
JRE paths:	C:\Program Files\Java\jdk1.8.0_261
Check launcher:	C:\Program Files\Java\jdk1.8.0_261\bin\javaw.exe (OK)
Version string: 1.008.000_261 / 64-Bit (OK)
Launcher:	C:\Program Files\Java\jdk1.8.0_261\bin\javaw.exe
Launcher args:	-jar "C:\Users\Matan\Documents\GitHub\Hawk\hawk_exe.exe"
Args length:	56/32768 chars
Exit code:	0


Version:	3.50
CmdLine:	C:\Users\Matan\Documents\GitHub\Hawk\hawk_exe.exe --l4j-debug
JNI:		No
WOW64:		Yes
Working dir:	C:\Users\Matan\Documents\GitHub\Hawk\.
Requires JDK:	No
Requires 64-Bit: No
Java min ver:	
Java max ver:	
Substitute:	JAVA_HOME = 
Substitute:	PATH = C:\Program Files (x86)\Common Files\Oracle\Java\javapath;C:\WINDOWS\system32;C:\WINDOWS;C:\WINDOWS\System32\Wbem;C:\WINDOWS\System32\WindowsPowerShell\v1.0\;C:\WINDOWS\System32\OpenSSH\;C:\javaFX;C:\javaFX\bin;C:\Program Files\Java\jdk1.8.0_261;C:\Program Files\Java\jdk1.8.0_261\bin;C:\Program Files\Microsoft VS Code\bin;C:\Program Files\PuTTY\;C:\Program Files\Git\cmd;C:\Users\Matan\AppData\Local\Programs\Python\Python310\Scripts\;C:\Users\Matan\AppData\Local\Programs\Python\Python310\;C:\Users\Matan\AppData\Local\Microsoft\WindowsApps;C:\Users\Matan\AppData\Local\GitHubDesktop\bin;;C:\Program Files\Java\jdk1.8.0_261\bin
JRE paths:	;C:\Program Files (x86)\Common Files\Oracle\Java\javapath;C:\WINDOWS\system32;C:\WINDOWS;C:\WINDOWS\System32\Wbem;C:\WINDOWS\System32\WindowsPowerShell\v1.0\;C:\WINDOWS\System32\OpenSSH\;C:\javaFX;C:\javaFX\bin;C:\Program Files\Java\jdk1.8.0_261;C:\Program Files\Java\jdk1.8.0_261\bin;C:\Program Files\Microsoft VS Code\bin;C:\Program Files\PuTTY\;C:\Program Files\Git\cmd;C:\Users\Matan\AppData\Local\Programs\Python\Python310\Scripts\;C:\Users\Matan\AppData\Local\Programs\Python\Python310\;C:\Users\Matan\AppData\Local\Microsoft\WindowsApps;C:\Users\Matan\AppData\Local\GitHubDesktop\bin;;C:\Program Files\Java\jdk1.8.0_261\bin
Check launcher:	C:\Program Files (x86)\Common Files\Oracle\Java\javapath\bin\javaw.exe (not found)
Check launcher:	C:\WINDOWS\system32\bin\javaw.exe (not found)
Check launcher:	C:\WINDOWS\bin\javaw.exe (not found)
Check launcher:	C:\WINDOWS\System32\Wbem\bin\javaw.exe (not found)
Check launcher:	C:\WINDOWS\System32\WindowsPowerShell\v1.0\bin\javaw.exe (not found)
Check launcher:	C:\WINDOWS\System32\OpenSSH\bin\javaw.exe (not found)
Check launcher:	C:\javaFX\bin\javaw.exe (not found)
Check launcher:	C:\javaFX\bin\javaw.exe (not found)
Check launcher:	C:\Program Files\Java\jdk1.8.0_261\bin\javaw.exe (OK)
Version string: 1.008.000_261 / 64-Bit (OK)
Launcher:	C:\Program Files\Java\jdk1.8.0_261\bin\javaw.exe
Launcher args:	-jar "C:\Users\Matan\Documents\GitHub\Hawk\hawk_exe.exe"
Args length:	56/32768 chars
Exit code:	0
